#
# A fatal error has been detected by the Java Runtime Environment:
#
#  EXCEPTION_ACCESS_VIOLATION (0xc0000005) at pc=0x59da1547, pid=5728, tid=5784
#
# JRE version: 6.0_45-b06
# Java VM: Java HotSpot(TM) Client VM (20.45-b01 mixed mode, sharing windows-x86 )
# Problematic frame:
# C  [nnotes.dll+0x1547]
#
# If you would like to submit a bug report, please visit:
#   http://java.sun.com/webapps/bugreport/crash.jsp
# The crash happened outside the Java Virtual Machine in native code.
# See problematic frame for where to report the bug.
#

---------------  T H R E A D  ---------------

Current thread (0x00289800):  JavaThread "main" [_thread_in_native, id=5784, stack(0x02370000,0x023c0000)]

siginfo: ExceptionCode=0xc0000005, reading address 0x06b917c8

Registers:
EAX=0x000010f7, EBX=0x00000000, ECX=0x00000101, EDX=0x06b90688
ESP=0x023bf10c, EBP=0x023bf110, ESI=0x06b9177f, EDI=0x00000000
EIP=0x59da1547, EFLAGS=0x00010246

Top of Stack: (sp=0x023bf10c)
0x023bf10c:   06b9177f 023bf13c 59da48f4 06b9177f
0x023bf11c:   00000000 0000d1ba 00000000 0000d1ba
0x023bf12c:   00001660 00000000 00000000 00000000
0x023bf13c:   023bf170 59fcad54 06b90688 00000000
0x023bf14c:   0000002b 0000d1ba 00001660 00000000
0x023bf15c:   023bf184 00000000 0000c000 0000d1ba
0x023bf16c:   00000000 023bf198 59da4826 00000000
0x023bf17c:   00000000 0000d1ba 00000000 00289800 

Instructions: (pc=0x59da1547)
0x59da1527:   89 7b 13 89 75 08 8b 55 08 b8 00 00 00 00 89 02
0x59da1537:   5f 5e 5b 8b e5 5d c2 04 00 55 8b ec 56 8b 75 08
0x59da1547:   8b 46 49 57 85 c0 75 15 8b 4e 45 85 c9 75 0e 8b
0x59da1557:   56 49 85 d2 75 07 8b 46 45 85 c0 74 43 8b 3d b8 


Register to memory mapping:

EAX=0x000010f7 is an unknown value
EBX=0x00000000 is an unknown value
ECX=0x00000101 is an unknown value
EDX=0x06b90688 is an unknown value
ESP=0x023bf10c is pointing into the stack for thread: 0x00289800
EBP=0x023bf110 is pointing into the stack for thread: 0x00289800
ESI=0x06b9177f is an unknown value
EDI=0x00000000 is an unknown value


Stack: [0x02370000,0x023c0000],  sp=0x023bf10c,  free space=316k
Native frames: (J=compiled Java code, j=interpreted, Vv=VM code, C=native code)
C  [nnotes.dll+0x1547]  OSLockReadSem+0x7
C  [nnotes.dll+0x48f4]  OSStaticHangIsSet+0xc4
C  [nnotes.dll+0x22ad54]  OSStaticMemUnlock+0x184
C  [nnotes.dll+0x4826]  OSStaticMem+0x1d6
C  [nlsxbe.dll+0xc2d40]  ServerConfigGenerateToken+0x5c0
C  [nlsxbe.dll+0x53d8c]  Java_lotus_domino_local_Session_NCreateSession+0x3c
j  org.openntf.domino.local.Session.NCreateSession(I)J+0
j  org.openntf.domino.local.Session.createSession()Llotus/domino/local/Session;+20
j  org.openntf.domino.NotesFactory.createSession()Llotus/domino/Session;+0
j  org.riverframework.lotusnotes.DefaultSession.open([Ljava/lang/String;)Lorg/riverframework/lotusnotes/Session;+44
j  org.riverframework.lotusnotes.local.SessionTest.testWrongLocalSession()V+7
v  ~StubRoutines::call_stub
V  [jvm.dll+0xfb88b]
V  [jvm.dll+0x18d551]
V  [jvm.dll+0xfb90d]
V  [jvm.dll+0x105aa3]
V  [jvm.dll+0x1063e6]
V  [jvm.dll+0xb794e]
C  [java.dll+0x7245]  Java_sun_reflect_NativeMethodAccessorImpl_invoke0+0x15
j  sun.reflect.NativeMethodAccessorImpl.invoke(Ljava/lang/Object;[Ljava/lang/Object;)Ljava/lang/Object;+87
j  sun.reflect.DelegatingMethodAccessorImpl.invoke(Ljava/lang/Object;[Ljava/lang/Object;)Ljava/lang/Object;+6
j  java.lang.reflect.Method.invoke(Ljava/lang/Object;[Ljava/lang/Object;)Ljava/lang/Object;+161
j  org.junit.runners.model.FrameworkMethod$1.runReflectiveCall()Ljava/lang/Object;+15
j  org.junit.internal.runners.model.ReflectiveCallable.run()Ljava/lang/Object;+1
j  org.junit.runners.model.FrameworkMethod.invokeExplosively(Ljava/lang/Object;[Ljava/lang/Object;)Ljava/lang/Object;+10
j  org.junit.internal.runners.statements.InvokeMethod.evaluate()V+12
j  org.junit.internal.runners.statements.ExpectException.evaluate()V+6
j  org.junit.internal.runners.statements.RunBefores.evaluate()V+49
j  org.junit.internal.runners.statements.RunAfters.evaluate()V+12
j  org.junit.runners.ParentRunner.runLeaf(Lorg/junit/runners/model/Statement;Lorg/junit/runner/Description;Lorg/junit/runner/notification/RunNotifier;)V+17
j  org.junit.runners.BlockJUnit4ClassRunner.runChild(Lorg/junit/runners/model/FrameworkMethod;Lorg/junit/runner/notification/RunNotifier;)V+32
j  org.junit.runners.BlockJUnit4ClassRunner.runChild(Ljava/lang/Object;Lorg/junit/runner/notification/RunNotifier;)V+6
j  org.junit.runners.ParentRunner$3.run()V+12
j  org.junit.runners.ParentRunner$1.schedule(Ljava/lang/Runnable;)V+1
j  org.junit.runners.ParentRunner.runChildren(Lorg/junit/runner/notification/RunNotifier;)V+40
j  org.junit.runners.ParentRunner.access$000(Lorg/junit/runners/ParentRunner;Lorg/junit/runner/notification/RunNotifier;)V+2
j  org.junit.runners.ParentRunner$2.evaluate()V+8
j  org.junit.runners.ParentRunner.run(Lorg/junit/runner/notification/RunNotifier;)V+20
j  org.eclipse.jdt.internal.junit4.runner.JUnit4TestReference.run(Lorg/eclipse/jdt/internal/junit/runner/TestExecution;)V+72
j  org.eclipse.jdt.internal.junit.runner.TestExecution.run([Lorg/eclipse/jdt/internal/junit/runner/ITestReference;)V+17
j  org.eclipse.jdt.internal.junit.runner.RemoteTestRunner.runTests([Ljava/lang/String;Ljava/lang/String;Lorg/eclipse/jdt/internal/junit/runner/TestExecution;)V+61
j  org.eclipse.jdt.internal.junit.runner.RemoteTestRunner.runTests(Lorg/eclipse/jdt/internal/junit/runner/TestExecution;)V+10
j  org.eclipse.jdt.internal.junit.runner.RemoteTestRunner.run()V+70
j  org.eclipse.jdt.internal.junit.runner.RemoteTestRunner.main([Ljava/lang/String;)V+14
v  ~StubRoutines::call_stub
V  [jvm.dll+0xfb88b]
V  [jvm.dll+0x18d551]
V  [jvm.dll+0xfb90d]
V  [jvm.dll+0x960f6]
V  [jvm.dll+0x9df33]
C  [javaw.exe+0x2155]
C  [javaw.exe+0x8624]
C  [kernel32.dll+0x1338a]  BaseThreadInitThunk+0x12
C  [ntdll.dll+0x39f72]  RtlInitializeExceptionChain+0x63
C  [ntdll.dll+0x39f45]  RtlInitializeExceptionChain+0x36

Java frames: (J=compiled Java code, j=interpreted, Vv=VM code)
j  org.openntf.domino.local.Session.NCreateSession(I)J+0
j  org.openntf.domino.local.Session.createSession()Llotus/domino/local/Session;+20
j  org.openntf.domino.NotesFactory.createSession()Llotus/domino/Session;+0
j  org.riverframework.lotusnotes.DefaultSession.open([Ljava/lang/String;)Lorg/riverframework/lotusnotes/Session;+44
j  org.riverframework.lotusnotes.local.SessionTest.testWrongLocalSession()V+7
v  ~StubRoutines::call_stub
j  sun.reflect.NativeMethodAccessorImpl.invoke0(Ljava/lang/reflect/Method;Ljava/lang/Object;[Ljava/lang/Object;)Ljava/lang/Object;+0
j  sun.reflect.NativeMethodAccessorImpl.invoke(Ljava/lang/Object;[Ljava/lang/Object;)Ljava/lang/Object;+87
j  sun.reflect.DelegatingMethodAccessorImpl.invoke(Ljava/lang/Object;[Ljava/lang/Object;)Ljava/lang/Object;+6
j  java.lang.reflect.Method.invoke(Ljava/lang/Object;[Ljava/lang/Object;)Ljava/lang/Object;+161
j  org.junit.runners.model.FrameworkMethod$1.runReflectiveCall()Ljava/lang/Object;+15
j  org.junit.internal.runners.model.ReflectiveCallable.run()Ljava/lang/Object;+1
j  org.junit.runners.model.FrameworkMethod.invokeExplosively(Ljava/lang/Object;[Ljava/lang/Object;)Ljava/lang/Object;+10
j  org.junit.internal.runners.statements.InvokeMethod.evaluate()V+12
j  org.junit.internal.runners.statements.ExpectException.evaluate()V+6
j  org.junit.internal.runners.statements.RunBefores.evaluate()V+49
j  org.junit.internal.runners.statements.RunAfters.evaluate()V+12
j  org.junit.runners.ParentRunner.runLeaf(Lorg/junit/runners/model/Statement;Lorg/junit/runner/Description;Lorg/junit/runner/notification/RunNotifier;)V+17
j  org.junit.runners.BlockJUnit4ClassRunner.runChild(Lorg/junit/runners/model/FrameworkMethod;Lorg/junit/runner/notification/RunNotifier;)V+32
j  org.junit.runners.BlockJUnit4ClassRunner.runChild(Ljava/lang/Object;Lorg/junit/runner/notification/RunNotifier;)V+6
j  org.junit.runners.ParentRunner$3.run()V+12
j  org.junit.runners.ParentRunner$1.schedule(Ljava/lang/Runnable;)V+1
j  org.junit.runners.ParentRunner.runChildren(Lorg/junit/runner/notification/RunNotifier;)V+40
j  org.junit.runners.ParentRunner.access$000(Lorg/junit/runners/ParentRunner;Lorg/junit/runner/notification/RunNotifier;)V+2
j  org.junit.runners.ParentRunner$2.evaluate()V+8
j  org.junit.runners.ParentRunner.run(Lorg/junit/runner/notification/RunNotifier;)V+20
j  org.eclipse.jdt.internal.junit4.runner.JUnit4TestReference.run(Lorg/eclipse/jdt/internal/junit/runner/TestExecution;)V+72
j  org.eclipse.jdt.internal.junit.runner.TestExecution.run([Lorg/eclipse/jdt/internal/junit/runner/ITestReference;)V+17
j  org.eclipse.jdt.internal.junit.runner.RemoteTestRunner.runTests([Ljava/lang/String;Ljava/lang/String;Lorg/eclipse/jdt/internal/junit/runner/TestExecution;)V+61
j  org.eclipse.jdt.internal.junit.runner.RemoteTestRunner.runTests(Lorg/eclipse/jdt/internal/junit/runner/TestExecution;)V+10
j  org.eclipse.jdt.internal.junit.runner.RemoteTestRunner.run()V+70
j  org.eclipse.jdt.internal.junit.runner.RemoteTestRunner.main([Ljava/lang/String;)V+14
v  ~StubRoutines::call_stub

---------------  P R O C E S S  ---------------

Java Threads: ( => current thread )
  0x024aa400 JavaThread "ReaderThread" [_thread_in_native, id=4184, stack(0x04d10000,0x04d60000)]
  0x0244c400 JavaThread "Low Memory Detector" daemon [_thread_blocked, id=4512, stack(0x049f0000,0x04a40000)]
  0x02443c00 JavaThread "C1 CompilerThread0" daemon [_thread_blocked, id=5664, stack(0x04960000,0x049b0000)]
  0x02443400 JavaThread "Attach Listener" daemon [_thread_blocked, id=5144, stack(0x048d0000,0x04920000)]
  0x02438c00 JavaThread "Signal Dispatcher" daemon [_thread_blocked, id=5428, stack(0x04840000,0x04890000)]
  0x0242dc00 JavaThread "Finalizer" daemon [_thread_blocked, id=332, stack(0x047b0000,0x04800000)]
  0x0242c800 JavaThread "Reference Handler" daemon [_thread_blocked, id=5324, stack(0x04720000,0x04770000)]
=>0x00289800 JavaThread "main" [_thread_in_native, id=5784, stack(0x02370000,0x023c0000)]

Other Threads:
  0x023f0000 VMThread [stack: 0x04690000,0x046e0000] [id=2952]
  0x0244dc00 WatcherThread [stack: 0x04a80000,0x04ad0000] [id=1036]

VM state:not at safepoint (normal execution)

VM Mutex/Monitor currently owned by a thread: None

Heap
 def new generation   total 4928K, used 2844K [0x24450000, 0x249a0000, 0x299a0000)
  eden space 4416K,  52% used [0x24450000, 0x246970e8, 0x248a0000)
  from space 512K,  99% used [0x248a0000, 0x2491fff8, 0x24920000)
  to   space 512K,   0% used [0x24920000, 0x24920000, 0x249a0000)
 tenured generation   total 10944K, used 666K [0x299a0000, 0x2a450000, 0x34450000)
   the space 10944K,   6% used [0x299a0000, 0x29a46b40, 0x29a46c00, 0x2a450000)
 compacting perm gen  total 12288K, used 2454K [0x34450000, 0x35050000, 0x38450000)
   the space 12288K,  19% used [0x34450000, 0x346b5958, 0x346b5a00, 0x35050000)
    ro space 10240K,  51% used [0x38450000, 0x38983000, 0x38983000, 0x38e50000)
    rw space 12288K,  55% used [0x38e50000, 0x394ee4f8, 0x394ee600, 0x39a50000)

Code Cache  [0x024c0000, 0x02580000, 0x044c0000)
 total_blobs=356 nmethods=213 adapters=79 free_code_cache=32782272 largest_free_block=0

Dynamic libraries:
0x00400000 - 0x00425000 	C:\Java_1_6\bin\javaw.exe
0x77cf0000 - 0x77e70000 	C:\Windows\SysWOW64\ntdll.dll
0x75cb0000 - 0x75dc0000 	C:\Windows\syswow64\kernel32.dll
0x75960000 - 0x759a7000 	C:\Windows\syswow64\KERNELBASE.dll
0x72f50000 - 0x73016000 	C:\Program Files\Bitdefender\Antivirus Free Edition\avc3\avc3_sig_298\avcuf32.dll
0x77300000 - 0x773a0000 	C:\Windows\syswow64\ADVAPI32.dll
0x77240000 - 0x772ec000 	C:\Windows\syswow64\msvcrt.dll
0x77020000 - 0x77039000 	C:\Windows\SysWOW64\sechost.dll
0x759f0000 - 0x75ae0000 	C:\Windows\syswow64\RPCRT4.dll
0x75680000 - 0x756e0000 	C:\Windows\syswow64\SspiCli.dll
0x75670000 - 0x7567c000 	C:\Windows\syswow64\CRYPTBASE.dll
0x777f0000 - 0x778f0000 	C:\Windows\syswow64\USER32.dll
0x77040000 - 0x770d0000 	C:\Windows\syswow64\GDI32.dll
0x77230000 - 0x7723a000 	C:\Windows\syswow64\LPK.dll
0x76d50000 - 0x76ded000 	C:\Windows\syswow64\USP10.dll
0x758a0000 - 0x75900000 	C:\Windows\system32\IMM32.DLL
0x76df0000 - 0x76ebc000 	C:\Windows\syswow64\MSCTF.dll
0x7c340000 - 0x7c396000 	C:\Java_1_6\bin\msvcr71.dll
0x6d810000 - 0x6dac0000 	C:\Java_1_6\bin\client\jvm.dll
0x72b00000 - 0x72b32000 	C:\Windows\system32\WINMM.dll
0x752c0000 - 0x7530c000 	C:\Windows\system32\apphelp.dll
0x6d7c0000 - 0x6d7cc000 	C:\Java_1_6\bin\verify.dll
0x6d330000 - 0x6d34f000 	C:\Java_1_6\bin\java.dll
0x6d800000 - 0x6d80f000 	C:\Java_1_6\bin\zip.dll
0x6d610000 - 0x6d623000 	C:\Java_1_6\bin\net.dll
0x77510000 - 0x77545000 	C:\Windows\syswow64\WS2_32.dll
0x75ae0000 - 0x75ae6000 	C:\Windows\syswow64\NSI.dll
0x71fc0000 - 0x71ffc000 	C:\Windows\system32\mswsock.dll
0x6d7f0000 - 0x6d7f6000 	C:\Windows\System32\wship6.dll
0x6f680000 - 0x6f685000 	C:\Windows\System32\wshtcpip.dll
0x5ff20000 - 0x60146000 	D:\IBM\Notes\nlsxbe.dll
0x603e0000 - 0x606f5000 	D:\IBM\Notes\nxmlproc.dll
0x59da0000 - 0x5bbb2000 	D:\IBM\Notes\nnotes.dll
0x75b80000 - 0x75ca1000 	C:\Windows\syswow64\CRYPT32.dll
0x772f0000 - 0x772fc000 	C:\Windows\syswow64\MSASN1.dll
0x10000000 - 0x1004b000 	D:\IBM\Notes\gsk8iccs.dll
0x72490000 - 0x72533000 	C:\Windows\WinSxS\x86_microsoft.vc90.crt_1fc8b3b9a1e18e3b_9.0.30729.6161_none_50934f2ebcb7eb57\MSVCR90.dll
0x61eb0000 - 0x61f0f000 	D:\IBM\Notes\js32.dll
0x72e90000 - 0x72f4f000 	C:\Windows\system32\MSVCR100.dll
0x61830000 - 0x61a17000 	D:\IBM\Notes\NLSCCSTR.DLL
0x75af0000 - 0x75b7f000 	C:\Windows\syswow64\OLEAUT32.dll
0x773b0000 - 0x7750c000 	C:\Windows\syswow64\ole32.dll
0x61d80000 - 0x61de9000 	C:\Windows\system32\MSVCP100.dll
0x59250000 - 0x59d95000 	D:\IBM\Notes\nsdhelp.dll
0x75420000 - 0x75429000 	C:\Windows\system32\VERSION.dll
0x75310000 - 0x75322000 	C:\Windows\system32\MPR.dll
0x773a0000 - 0x773a5000 	C:\Windows\syswow64\PSAPI.DLL
0x775f0000 - 0x77607000 	C:\Windows\syswow64\USERENV.dll
0x76fb0000 - 0x76fbb000 	C:\Windows\syswow64\profapi.dll
0x61f30000 - 0x61f36000 	D:\IBM\Notes\ndgts.dll
0x62990000 - 0x629be000 	D:\IBM\Notes\LTOUIN22.dll
0x76100000 - 0x76d4b000 	C:\Windows\syswow64\SHELL32.dll
0x75dc0000 - 0x75e17000 	C:\Windows\syswow64\SHLWAPI.dll

VM Arguments:
jvm_args: -Dfile.encoding=Cp1252 
java_command: org.eclipse.jdt.internal.junit.runner.RemoteTestRunner -version 3 -port 54545 -testLoaderClass org.eclipse.jdt.internal.junit4.runner.JUnit4TestLoader -loaderpluginname org.eclipse.jdt.junit4.runtime -testNameFile Z:\Temp\testNames6525678739041172154.txt
Launcher Type: SUN_STANDARD

Environment Variables:
JAVA_HOME=C:\Java_1_6
CLASSPATH=.;C:\Java_1_6\lib\ext\*
PATH=C:\Java_1_6\bin;C:\Windows\system32;C:\Windows;C:\Windows\System32\Wbem;C:\Windows\System32\WindowsPowerShell\v1.0\;D:\IBM\Notes;D:\apache-maven\bin
USERNAME=theking
OS=Windows_NT
PROCESSOR_IDENTIFIER=Intel64 Family 6 Model 23 Stepping 10, GenuineIntel



---------------  S Y S T E M  ---------------

OS: Windows 7 , 64 bit Build 7601 Service Pack 1

CPU:total 2 (2 cores per cpu, 1 threads per core) family 6 model 23 stepping 10, cmov, cx8, fxsr, mmx, sse, sse2, sse3, ssse3, sse4.1

Memory: 4k page, physical 8387672k(5303276k free), swap 16774424k(12237984k free)

vm_info: Java HotSpot(TM) Client VM (20.45-b01) for windows-x86 JRE (1.6.0_45-b06), built on Mar 26 2013 13:40:03 by "java_re" with MS VC++ 7.1 (VS2003)

time: Thu Mar 19 01:06:56 2015
elapsed time: 1 seconds

